<?xml version="1.0" encoding="UTF-8"?>
<!-- Generated by org.testng.reporters.JUnitXMLReporter -->
<testsuite ignored="0" hostname="Mansi-PC" failures="1" tests="2" name="Test" time="0.351" errors="0" timestamp="2023-12-03T17:16:45 IST">
  <testcase classname="Resources.BaseClass" name="@BeforeMethod launchBrowserandURL" time="0.017">
    <failure type="java.io.FileNotFoundException" message="F:\Mansi Work\eclipse-workspace\SeleniumTestNGFrameworkDemo\src\main\java\Resource\data.properties (The system cannot find the path specified)">
      <![CDATA[java.io.FileNotFoundException: F:\Mansi Work\eclipse-workspace\SeleniumTestNGFrameworkDemo\src\main\java\Resource\data.properties (The system cannot find the path specified)
at java.base/java.io.FileInputStream.open0(Native Method)
at java.base/java.io.FileInputStream.open(FileInputStream.java:216)
at java.base/java.io.FileInputStream.<init>(FileInputStream.java:157)
at java.base/java.io.FileInputStream.<init>(FileInputStream.java:111)
at Resources.BaseClass.initializeDriver(BaseClass.java:20)
at Resources.BaseClass.launchBrowserandURL(BaseClass.java:49)
at java.base/java.util.ArrayList.forEach(ArrayList.java:1511)
... Removed 31 stack frames]]>
    </failure>
  </testcase> <!-- @BeforeMethod launchBrowserandURL -->
  <testcase classname="testcases.SignupTestCases" name="verifySignup" time="0.001">
    <skipped/>
  </testcase> <!-- verifySignup -->
  <testcase classname="testcases.LoginTestCase" name="verifyLogin" time="0.0">
    <failure type="java.lang.RuntimeException" message="java.lang.ArrayIndexOutOfBoundsException: Index 2 out of bounds for length 2">
      <![CDATA[java.lang.RuntimeException: java.lang.ArrayIndexOutOfBoundsException: Index 2 out of bounds for length 2
at java.base/java.util.ArrayList.forEach(ArrayList.java:1511)
Caused by: java.lang.ArrayIndexOutOfBoundsException: Index 2 out of bounds for length 2
at testcases.LoginTestCase.testData(LoginTestCase.java:46)
... 25 more
... Removed 32 stack frames]]>
    </failure>
  </testcase> <!-- verifyLogin -->
</testsuite> <!-- Test -->
